==============================================================
Vitis HLS - High-Level Synthesis from C, C++ and OpenCL v2021.2 (64-bit)
Copyright 1986-2021 Xilinx, Inc. All Rights Reserved.
==============================================================
==============================================================
Vitis HLS - High-Level Synthesis from C, C++ and OpenCL v2021.2 (64-bit)
Copyright 1986-2021 Xilinx, Inc. All Rights Reserved.
==============================================================
==============================================================
Vitis HLS - High-Level Synthesis from C, C++ and OpenCL v2021.2 (64-bit)
Copyright 1986-2021 Xilinx, Inc. All Rights Reserved.
==============================================================
INFO: [SYN 201-201] Setting up clock 'default' with a period of 10ns.
INFO: [HLS 200-1611] Setting target device to 'xc7z010-clg400-1'
INFO: [HLS 200-1505] Using flow_target 'vivado'
INFO: [HLS 200-1510] Running: set_part xc7z010clg400-1 
INFO: [HLS 200-1510] Running: create_clock -period 10 -name default 
INFO: [HLS 200-1510] Running: csynth_design 
INFO: [HLS 200-111] Finished File checks and directory preparation: CPU user time: 0.01 seconds. CPU system time: 0 seconds. Elapsed time: 0 seconds; current allocated memory: 1.194 GB.
INFO: [HLS 200-10] Analyzing design file 'main.cpp' ... 
INFO: [HLS 200-111] Finished Source Code Analysis and Preprocessing: CPU user time: 2.98 seconds. CPU system time: 0.27 seconds. Elapsed time: 2.48 seconds; current allocated memory: 285.219 MB.
INFO: [HLS 200-777] Using interface defaults for 'Vivado' flow target.
INFO: [HLS 214-284] Auto array partition mode is set into default.
INFO: [HLS 214-270] Starting automatic array partition analysis...
INFO: [HLS 214-131] Inlining function '_llvm.fpga.unpack.none.s_struct.ap_int<32>s.i32' into 'doGain(hls::stream<hls::axis<ap_int<32>, 2ul, 5ul, 6ul>, 0>&, hls::stream<hls::axis<ap_int<32>, 2ul, 5ul, 6ul>, 0>&, int)' (/tools/Xilinx/Vitis_HLS/2021.2/common/technology/autopilot/ap_axi_sdata.h:293:5)
INFO: [HLS 214-131] Inlining function '_llvm.fpga.pack.none.i6.s_struct.ap_uint<6>s' into 'doGain(hls::stream<hls::axis<ap_int<32>, 2ul, 5ul, 6ul>, 0>&, hls::stream<hls::axis<ap_int<32>, 2ul, 5ul, 6ul>, 0>&, int)' (/tools/Xilinx/Vitis_HLS/2021.2/common/technology/autopilot/ap_axi_sdata.h:304:5)
INFO: [HLS 214-131] Inlining function '_llvm.fpga.pack.none.i5.s_struct.ap_uint<5>s' into 'doGain(hls::stream<hls::axis<ap_int<32>, 2ul, 5ul, 6ul>, 0>&, hls::stream<hls::axis<ap_int<32>, 2ul, 5ul, 6ul>, 0>&, int)' (/tools/Xilinx/Vitis_HLS/2021.2/common/technology/autopilot/ap_axi_sdata.h:304:5)
INFO: [HLS 214-131] Inlining function '_llvm.fpga.pack.none.i1.s_struct.ap_uint<1>s' into 'doGain(hls::stream<hls::axis<ap_int<32>, 2ul, 5ul, 6ul>, 0>&, hls::stream<hls::axis<ap_int<32>, 2ul, 5ul, 6ul>, 0>&, int)' (/tools/Xilinx/Vitis_HLS/2021.2/common/technology/autopilot/ap_axi_sdata.h:304:5)
INFO: [HLS 214-131] Inlining function '_llvm.fpga.pack.none.i2.s_struct.ap_uint<2>s' into 'doGain(hls::stream<hls::axis<ap_int<32>, 2ul, 5ul, 6ul>, 0>&, hls::stream<hls::axis<ap_int<32>, 2ul, 5ul, 6ul>, 0>&, int)' (/tools/Xilinx/Vitis_HLS/2021.2/common/technology/autopilot/ap_axi_sdata.h:304:5)
INFO: [HLS 214-131] Inlining function '_llvm.fpga.pack.none.i4.s_struct.ap_uint<4>s' into 'doGain(hls::stream<hls::axis<ap_int<32>, 2ul, 5ul, 6ul>, 0>&, hls::stream<hls::axis<ap_int<32>, 2ul, 5ul, 6ul>, 0>&, int)' (/tools/Xilinx/Vitis_HLS/2021.2/common/technology/autopilot/ap_axi_sdata.h:304:5)
INFO: [HLS 214-131] Inlining function '_llvm.fpga.pack.none.i32.s_struct.ap_int<32>s' into 'doGain(hls::stream<hls::axis<ap_int<32>, 2ul, 5ul, 6ul>, 0>&, hls::stream<hls::axis<ap_int<32>, 2ul, 5ul, 6ul>, 0>&, int)' (/tools/Xilinx/Vitis_HLS/2021.2/common/technology/autopilot/ap_axi_sdata.h:304:5)
INFO: [HLS 214-131] Inlining function '_llvm.fpga.unpack.none.s_struct.ap_uint<6>s.i6' into 'doGain(hls::stream<hls::axis<ap_int<32>, 2ul, 5ul, 6ul>, 0>&, hls::stream<hls::axis<ap_int<32>, 2ul, 5ul, 6ul>, 0>&, int)' (/tools/Xilinx/Vitis_HLS/2021.2/common/technology/autopilot/ap_axi_sdata.h:293:5)
INFO: [HLS 214-131] Inlining function '_llvm.fpga.unpack.none.s_struct.ap_uint<5>s.i5' into 'doGain(hls::stream<hls::axis<ap_int<32>, 2ul, 5ul, 6ul>, 0>&, hls::stream<hls::axis<ap_int<32>, 2ul, 5ul, 6ul>, 0>&, int)' (/tools/Xilinx/Vitis_HLS/2021.2/common/technology/autopilot/ap_axi_sdata.h:293:5)
INFO: [HLS 214-131] Inlining function '_llvm.fpga.unpack.none.s_struct.ap_uint<1>s.i1' into 'doGain(hls::stream<hls::axis<ap_int<32>, 2ul, 5ul, 6ul>, 0>&, hls::stream<hls::axis<ap_int<32>, 2ul, 5ul, 6ul>, 0>&, int)' (/tools/Xilinx/Vitis_HLS/2021.2/common/technology/autopilot/ap_axi_sdata.h:293:5)
INFO: [HLS 214-131] Inlining function '_llvm.fpga.unpack.none.s_struct.ap_uint<2>s.i2' into 'doGain(hls::stream<hls::axis<ap_int<32>, 2ul, 5ul, 6ul>, 0>&, hls::stream<hls::axis<ap_int<32>, 2ul, 5ul, 6ul>, 0>&, int)' (/tools/Xilinx/Vitis_HLS/2021.2/common/technology/autopilot/ap_axi_sdata.h:293:5)
INFO: [HLS 214-131] Inlining function '_llvm.fpga.unpack.none.s_struct.ap_uint<4>s.i4' into 'doGain(hls::stream<hls::axis<ap_int<32>, 2ul, 5ul, 6ul>, 0>&, hls::stream<hls::axis<ap_int<32>, 2ul, 5ul, 6ul>, 0>&, int)' (/tools/Xilinx/Vitis_HLS/2021.2/common/technology/autopilot/ap_axi_sdata.h:293:5)
INFO: [HLS 200-111] Finished Compiling Optimization and Transform: CPU user time: 2.51 seconds. CPU system time: 0.16 seconds. Elapsed time: 2.82 seconds; current allocated memory: 285.723 MB.
INFO: [HLS 200-111] Finished Checking Pragmas: CPU user time: 0 seconds. CPU system time: 0 seconds. Elapsed time: 0 seconds; current allocated memory: 285.723 MB.
INFO: [HLS 200-10] Starting code transformations ...
INFO: [HLS 200-111] Finished Standard Transforms: CPU user time: 0.02 seconds. CPU system time: 0 seconds. Elapsed time: 0.07 seconds; current allocated memory: 295.273 MB.
INFO: [HLS 200-10] Checking synthesizability ...
INFO: [HLS 200-111] Finished Checking Synthesizability: CPU user time: 0.06 seconds. CPU system time: 0.01 seconds. Elapsed time: 0.06 seconds; current allocated memory: 307.410 MB.
INFO: [HLS 200-111] Finished Loop, function and other optimizations: CPU user time: 0.08 seconds. CPU system time: 0 seconds. Elapsed time: 0.09 seconds; current allocated memory: 340.797 MB.
INFO: [HLS 200-111] Finished Architecture Synthesis: CPU user time: 0.04 seconds. CPU system time: 0 seconds. Elapsed time: 0.04 seconds; current allocated memory: 342.875 MB.
INFO: [HLS 200-10] Starting hardware synthesis ...
INFO: [HLS 200-10] Synthesizing 'doGain' ...
INFO: [HLS 200-10] ----------------------------------------------------------------
INFO: [HLS 200-42] -- Implementing module 'doGain' 
INFO: [HLS 200-10] ----------------------------------------------------------------
INFO: [SCHED 204-11] Starting scheduling ...
INFO: [SCHED 204-61] Pipelining loop 'VITIS_LOOP_14_1'.
INFO: [HLS 200-1470] Pipelining result : Target II = NA, Final II = 1, Depth = 4, loop 'VITIS_LOOP_14_1'
INFO: [SCHED 204-11] Finished scheduling.
INFO: [HLS 200-111] Finished Scheduling: CPU user time: 0.03 seconds. CPU system time: 0.01 seconds. Elapsed time: 0.06 seconds; current allocated memory: 342.875 MB.
INFO: [BIND 205-100] Starting micro-architecture generation ...
INFO: [BIND 205-101] Performing variable lifetime analysis.
INFO: [BIND 205-101] Exploring resource sharing.
INFO: [BIND 205-101] Binding ...
INFO: [BIND 205-100] Finished micro-architecture generation.
INFO: [HLS 200-111] Finished Binding: CPU user time: 0.03 seconds. CPU system time: 0 seconds. Elapsed time: 0.02 seconds; current allocated memory: 342.875 MB.
INFO: [HLS 200-10] ----------------------------------------------------------------
INFO: [HLS 200-10] -- Generating RTL for module 'doGain' 
INFO: [HLS 200-10] ----------------------------------------------------------------
WARNING: [RTGEN 206-101] Design contains AXI ports. Reset is fixed to synchronous and active low.
INFO: [RTGEN 206-500] Setting interface mode on port 'doGain/inStream_V_data_V' to 'axis' (register, both mode).
INFO: [RTGEN 206-500] Setting interface mode on port 'doGain/inStream_V_keep_V' to 'axis' (register, both mode).
INFO: [RTGEN 206-500] Setting interface mode on port 'doGain/inStream_V_strb_V' to 'axis' (register, both mode).
INFO: [RTGEN 206-500] Setting interface mode on port 'doGain/inStream_V_user_V' to 'axis' (register, both mode).
INFO: [RTGEN 206-500] Setting interface mode on port 'doGain/inStream_V_last_V' to 'axis' (register, both mode).
INFO: [RTGEN 206-500] Setting interface mode on port 'doGain/inStream_V_id_V' to 'axis' (register, both mode).
INFO: [RTGEN 206-500] Setting interface mode on port 'doGain/inStream_V_dest_V' to 'axis' (register, both mode).
INFO: [RTGEN 206-500] Setting interface mode on port 'doGain/outStream_V_data_V' to 'axis' (register, both mode).
INFO: [RTGEN 206-500] Setting interface mode on port 'doGain/outStream_V_keep_V' to 'axis' (register, both mode).
==============================================================
Vitis HLS - High-Level Synthesis from C, C++ and OpenCL v2021.2 (64-bit)
Copyright 1986-2021 Xilinx, Inc. All Rights Reserved.
==============================================================
==============================================================
Vitis HLS - High-Level Synthesis from C, C++ and OpenCL v2021.2 (64-bit)
Copyright 1986-2021 Xilinx, Inc. All Rights Reserved.
==============================================================
==============================================================
Vitis HLS - High-Level Synthesis from C, C++ and OpenCL v2021.2 (64-bit)
Copyright 1986-2021 Xilinx, Inc. All Rights Reserved.
==============================================================
