

================================================================
== Vitis HLS Report for 'doGain'
================================================================
* Date:           Sat Feb 26 15:13:14 2022

* Version:        2021.2 (Build 3367213 on Tue Oct 19 02:47:39 MDT 2021)
* Project:        axi_stream_vivado_hls
* Solution:       solution1 (Vivado IP Flow Target)
* Product family: zynq
* Target device:  xc7z010-clg400-1


================================================================
== Performance Estimates
================================================================
+ Timing: 
    * Summary: 
    +--------+----------+----------+------------+
    |  Clock |  Target  | Estimated| Uncertainty|
    +--------+----------+----------+------------+
    |ap_clk  |  10.00 ns|  6.912 ns|     2.70 ns|
    +--------+----------+----------+------------+

+ Latency: 
    * Summary: 
    +---------+---------+-----------+-----------+------+------+---------+
    |  Latency (cycles) |   Latency (absolute)  |   Interval  | Pipeline|
    |   min   |   max   |    min    |    max    |  min |  max |   Type  |
    +---------+---------+-----------+-----------+------+------+---------+
    |     1004|     1004|  10.040 us|  10.040 us|  1005|  1005|       no|
    +---------+---------+-----------+-----------+------+------+---------+

    + Detail: 
        * Instance: 
        N/A

        * Loop: 
        +-------------------+---------+---------+----------+-----------+-----------+------+----------+
        |                   |  Latency (cycles) | Iteration|  Initiation Interval  | Trip |          |
        |     Loop Name     |   min   |   max   |  Latency |  achieved |   target  | Count| Pipelined|
        +-------------------+---------+---------+----------+-----------+-----------+------+----------+
        |- VITIS_LOOP_14_1  |     1002|     1002|         4|          1|          1|  1000|       yes|
        +-------------------+---------+---------+----------+-----------+-----------+------+----------+

============================================================
+ Verbose Summary: Synthesis Manager
============================================================
InlineROM: 1
ExposeGlobal: 0
============================================================
+ Verbose Summary: CDFG Model
============================================================
IsTopModel: 1
ResetActiveHigh: 1
IsCombinational: 0
IsDatapathOnly: 0
HasWiredReturn: 1
HasMFsm: 2
HasVarLatency: 1
IsPipeline: 0
IsRtlPipelined: 0
IsInstanceOverlapped: 0
IsDontTouch: 0
HasImplIP: 0
IsGatedGlobalClock: 0

+ Individual pipeline summary: 
  * Pipeline-0: initiation interval (II) = 1, depth = 4


============================================================
+ Verbose Summary: Schedule
============================================================
* Number of FSM states : 6
* Pipeline : 1
  Pipeline-0 : II = 1, D = 4, States = { 2 3 4 5 }
* Dataflow Pipeline: 0

* FSM state transitions: 
1 --> 2 
2 --> 6 3 
3 --> 4 
4 --> 5 
5 --> 2 
6 --> 

* FSM state operations: 

State 1 <SV = 0> <Delay = 1.58>
ST_1 : Operation 7 [1/1] (0.00ns)   --->   "%idx = alloca i32 1"   --->   Operation 7 'alloca' 'idx' <Predicate = true> <Delay = 0.00>
ST_1 : Operation 8 [1/1] (0.00ns)   --->   "%spectopmodule_ln0 = spectopmodule void @_ssdm_op_SpecTopModule, void @empty_6"   --->   Operation 8 'spectopmodule' 'spectopmodule_ln0' <Predicate = true> <Delay = 0.00>
ST_1 : Operation 9 [1/1] (0.00ns)   --->   "%specinterface_ln0 = specinterface void @_ssdm_op_SpecInterface, i32 %inStream_V_data_V, i4 %inStream_V_keep_V, i4 %inStream_V_strb_V, i2 %inStream_V_user_V, i1 %inStream_V_last_V, i5 %inStream_V_id_V, i6 %inStream_V_dest_V, void @empty, i32 1, i32 1, void @empty_0, i32 0, i32 0, void @empty_1, void @empty_1, void @empty_1, i32 0, i32 0, i32 0, i32 0, void @empty_1, void @empty_1"   --->   Operation 9 'specinterface' 'specinterface_ln0' <Predicate = true> <Delay = 0.00>
ST_1 : Operation 10 [1/1] (0.00ns)   --->   "%specbitsmap_ln0 = specbitsmap void @_ssdm_op_SpecBitsMap, i32 %inStream_V_data_V"   --->   Operation 10 'specbitsmap' 'specbitsmap_ln0' <Predicate = true> <Delay = 0.00>
ST_1 : Operation 11 [1/1] (0.00ns)   --->   "%specbitsmap_ln0 = specbitsmap void @_ssdm_op_SpecBitsMap, i4 %inStream_V_keep_V"   --->   Operation 11 'specbitsmap' 'specbitsmap_ln0' <Predicate = true> <Delay = 0.00>
ST_1 : Operation 12 [1/1] (0.00ns)   --->   "%specbitsmap_ln0 = specbitsmap void @_ssdm_op_SpecBitsMap, i4 %inStream_V_strb_V"   --->   Operation 12 'specbitsmap' 'specbitsmap_ln0' <Predicate = true> <Delay = 0.00>
ST_1 : Operation 13 [1/1] (0.00ns)   --->   "%specbitsmap_ln0 = specbitsmap void @_ssdm_op_SpecBitsMap, i2 %inStream_V_user_V"   --->   Operation 13 'specbitsmap' 'specbitsmap_ln0' <Predicate = true> <Delay = 0.00>
ST_1 : Operation 14 [1/1] (0.00ns)   --->   "%specbitsmap_ln0 = specbitsmap void @_ssdm_op_SpecBitsMap, i1 %inStream_V_last_V"   --->   Operation 14 'specbitsmap' 'specbitsmap_ln0' <Predicate = true> <Delay = 0.00>
ST_1 : Operation 15 [1/1] (0.00ns)   --->   "%specbitsmap_ln0 = specbitsmap void @_ssdm_op_SpecBitsMap, i5 %inStream_V_id_V"   --->   Operation 15 'specbitsmap' 'specbitsmap_ln0' <Predicate = true> <Delay = 0.00>
ST_1 : Operation 16 [1/1] (0.00ns)   --->   "%specbitsmap_ln0 = specbitsmap void @_ssdm_op_SpecBitsMap, i6 %inStream_V_dest_V"   --->   Operation 16 'specbitsmap' 'specbitsmap_ln0' <Predicate = true> <Delay = 0.00>
ST_1 : Operation 17 [1/1] (0.00ns)   --->   "%specinterface_ln0 = specinterface void @_ssdm_op_SpecInterface, i32 %outStream_V_data_V, i4 %outStream_V_keep_V, i4 %outStream_V_strb_V, i2 %outStream_V_user_V, i1 %outStream_V_last_V, i5 %outStream_V_id_V, i6 %outStream_V_dest_V, void @empty, i32 1, i32 1, void @empty_0, i32 0, i32 0, void @empty_1, void @empty_1, void @empty_1, i32 0, i32 0, i32 0, i32 0, void @empty_1, void @empty_1"   --->   Operation 17 'specinterface' 'specinterface_ln0' <Predicate = true> <Delay = 0.00>
ST_1 : Operation 18 [1/1] (0.00ns)   --->   "%specbitsmap_ln0 = specbitsmap void @_ssdm_op_SpecBitsMap, i32 %outStream_V_data_V"   --->   Operation 18 'specbitsmap' 'specbitsmap_ln0' <Predicate = true> <Delay = 0.00>
ST_1 : Operation 19 [1/1] (0.00ns)   --->   "%specbitsmap_ln0 = specbitsmap void @_ssdm_op_SpecBitsMap, i4 %outStream_V_keep_V"   --->   Operation 19 'specbitsmap' 'specbitsmap_ln0' <Predicate = true> <Delay = 0.00>
ST_1 : Operation 20 [1/1] (0.00ns)   --->   "%specbitsmap_ln0 = specbitsmap void @_ssdm_op_SpecBitsMap, i4 %outStream_V_strb_V"   --->   Operation 20 'specbitsmap' 'specbitsmap_ln0' <Predicate = true> <Delay = 0.00>
ST_1 : Operation 21 [1/1] (0.00ns)   --->   "%specbitsmap_ln0 = specbitsmap void @_ssdm_op_SpecBitsMap, i2 %outStream_V_user_V"   --->   Operation 21 'specbitsmap' 'specbitsmap_ln0' <Predicate = true> <Delay = 0.00>
ST_1 : Operation 22 [1/1] (0.00ns)   --->   "%specbitsmap_ln0 = specbitsmap void @_ssdm_op_SpecBitsMap, i1 %outStream_V_last_V"   --->   Operation 22 'specbitsmap' 'specbitsmap_ln0' <Predicate = true> <Delay = 0.00>
ST_1 : Operation 23 [1/1] (0.00ns)   --->   "%specbitsmap_ln0 = specbitsmap void @_ssdm_op_SpecBitsMap, i5 %outStream_V_id_V"   --->   Operation 23 'specbitsmap' 'specbitsmap_ln0' <Predicate = true> <Delay = 0.00>
ST_1 : Operation 24 [1/1] (0.00ns)   --->   "%specbitsmap_ln0 = specbitsmap void @_ssdm_op_SpecBitsMap, i6 %outStream_V_dest_V"   --->   Operation 24 'specbitsmap' 'specbitsmap_ln0' <Predicate = true> <Delay = 0.00>
ST_1 : Operation 25 [1/1] (0.00ns)   --->   "%specbitsmap_ln0 = specbitsmap void @_ssdm_op_SpecBitsMap, i32 %gain"   --->   Operation 25 'specbitsmap' 'specbitsmap_ln0' <Predicate = true> <Delay = 0.00>
ST_1 : Operation 26 [1/1] (0.00ns)   --->   "%specinterface_ln0 = specinterface void @_ssdm_op_SpecInterface, i32 %gain, void @empty_2, i32 0, i32 0, void @empty_1, i32 0, i32 0, void @empty_3, void @empty_4, void @empty_1, i32 0, i32 0, i32 0, i32 0, void @empty_1, void @empty_1"   --->   Operation 26 'specinterface' 'specinterface_ln0' <Predicate = true> <Delay = 0.00>
ST_1 : Operation 27 [1/1] (0.00ns)   --->   "%specinterface_ln0 = specinterface void @_ssdm_op_SpecInterface, i32 %gain, void @empty_5, i32 0, i32 0, void @empty_1, i32 0, i32 0, void @empty_1, void @empty_1, void @empty_1, i32 0, i32 0, i32 0, i32 0, void @empty_1, void @empty_1"   --->   Operation 27 'specinterface' 'specinterface_ln0' <Predicate = true> <Delay = 0.00>
ST_1 : Operation 28 [1/1] (0.00ns)   --->   "%specinterface_ln0 = specinterface void @_ssdm_op_SpecInterface, i32 0, void @empty_2, i32 0, i32 0, void @empty_1, i32 0, i32 0, void @empty_3, void @empty_1, void @empty_1, i32 0, i32 0, i32 0, i32 0, void @empty_1, void @empty_1"   --->   Operation 28 'specinterface' 'specinterface_ln0' <Predicate = true> <Delay = 0.00>
ST_1 : Operation 29 [1/1] (1.00ns)   --->   "%gain_read = read i32 @_ssdm_op_Read.s_axilite.i32, i32 %gain"   --->   Operation 29 'read' 'gain_read' <Predicate = true> <Delay = 1.00> <CoreInst = "s_axilite">   --->   Core 114 's_axilite' <Latency = 0> <II = 1> <Delay = 1.00> <Adapter> <Opcode : 'read' 'write'>
ST_1 : Operation 30 [1/1] (1.58ns)   --->   "%store_ln14 = store i10 0, i10 %idx" [main.cpp:14]   --->   Operation 30 'store' 'store_ln14' <Predicate = true> <Delay = 1.58>
ST_1 : Operation 31 [1/1] (0.00ns)   --->   "%br_ln14 = br void" [main.cpp:14]   --->   Operation 31 'br' 'br_ln14' <Predicate = true> <Delay = 0.00>

State 2 <SV = 1> <Delay = 3.35>
ST_2 : Operation 32 [1/1] (0.00ns)   --->   "%idx_1 = load i10 %idx" [main.cpp:14]   --->   Operation 32 'load' 'idx_1' <Predicate = true> <Delay = 0.00>
ST_2 : Operation 33 [1/1] (1.77ns)   --->   "%icmp_ln14 = icmp_eq  i10 %idx_1, i10 1000" [main.cpp:14]   --->   Operation 33 'icmp' 'icmp_ln14' <Predicate = true> <Delay = 1.77> <CoreInst = "Cmp">   --->   Core 9 'Cmp' <Latency = 0> <II = 1> <Delay = 1.77> <FuncUnit> <Opcode : 'icmp'> <InPorts = 2> <OutPorts = 1>
ST_2 : Operation 34 [1/1] (0.00ns)   --->   "%empty = speclooptripcount i32 @_ssdm_op_SpecLoopTripCount, i64 1000, i64 1000, i64 1000"   --->   Operation 34 'speclooptripcount' 'empty' <Predicate = true> <Delay = 0.00>
ST_2 : Operation 35 [1/1] (1.73ns)   --->   "%idx_2 = add i10 %idx_1, i10 1" [main.cpp:14]   --->   Operation 35 'add' 'idx_2' <Predicate = true> <Delay = 1.73> <CoreInst = "Adder">   --->   Core 1 'Adder' <Latency = 0> <II = 1> <Delay = 1.73> <FuncUnit> <Opcode : 'add' 'sub'> <InPorts = 2> <OutPorts = 1>
ST_2 : Operation 36 [1/1] (0.00ns)   --->   "%br_ln14 = br i1 %icmp_ln14, void %.split, void" [main.cpp:14]   --->   Operation 36 'br' 'br_ln14' <Predicate = true> <Delay = 0.00>
ST_2 : Operation 37 [1/1] (0.00ns)   --->   "%empty_11 = read i54 @_ssdm_op_Read.axis.volatile.i32P0A.i4P0A.i4P0A.i2P0A.i1P0A.i5P0A.i6P0A, i32 %inStream_V_data_V, i4 %inStream_V_keep_V, i4 %inStream_V_strb_V, i2 %inStream_V_user_V, i1 %inStream_V_last_V, i5 %inStream_V_id_V, i6 %inStream_V_dest_V"   --->   Operation 37 'read' 'empty_11' <Predicate = (!icmp_ln14)> <Delay = 0.00> <CoreInst = "axis">   --->   Core 115 'axis' <Latency = 0> <II = 1> <Delay = 1.00> <Adapter> <Opcode : >
ST_2 : Operation 38 [1/1] (0.00ns)   --->   "%tmp_data_V = extractvalue i54 %empty_11"   --->   Operation 38 'extractvalue' 'tmp_data_V' <Predicate = (!icmp_ln14)> <Delay = 0.00>
ST_2 : Operation 39 [1/1] (0.00ns)   --->   "%tmp_keep_V = extractvalue i54 %empty_11"   --->   Operation 39 'extractvalue' 'tmp_keep_V' <Predicate = (!icmp_ln14)> <Delay = 0.00>
ST_2 : Operation 40 [1/1] (0.00ns)   --->   "%tmp_strb_V = extractvalue i54 %empty_11"   --->   Operation 40 'extractvalue' 'tmp_strb_V' <Predicate = (!icmp_ln14)> <Delay = 0.00>
ST_2 : Operation 41 [1/1] (0.00ns)   --->   "%tmp_user_V = extractvalue i54 %empty_11"   --->   Operation 41 'extractvalue' 'tmp_user_V' <Predicate = (!icmp_ln14)> <Delay = 0.00>
ST_2 : Operation 42 [1/1] (0.00ns)   --->   "%tmp_last_V = extractvalue i54 %empty_11"   --->   Operation 42 'extractvalue' 'tmp_last_V' <Predicate = (!icmp_ln14)> <Delay = 0.00>
ST_2 : Operation 43 [1/1] (0.00ns)   --->   "%tmp_id_V = extractvalue i54 %empty_11"   --->   Operation 43 'extractvalue' 'tmp_id_V' <Predicate = (!icmp_ln14)> <Delay = 0.00>
ST_2 : Operation 44 [1/1] (0.00ns)   --->   "%tmp_dest_V = extractvalue i54 %empty_11"   --->   Operation 44 'extractvalue' 'tmp_dest_V' <Predicate = (!icmp_ln14)> <Delay = 0.00>
ST_2 : Operation 45 [1/1] (1.58ns)   --->   "%store_ln14 = store i10 %idx_2, i10 %idx" [main.cpp:14]   --->   Operation 45 'store' 'store_ln14' <Predicate = (!icmp_ln14)> <Delay = 1.58>

State 3 <SV = 2> <Delay = 6.91>
ST_3 : Operation 46 [2/2] (6.91ns)   --->   "%valOut_data_V = mul i32 %tmp_data_V, i32 %gain_read"   --->   Operation 46 'mul' 'valOut_data_V' <Predicate = true> <Delay = 6.91> <CoreInst = "Multiplier">   --->   Core 3 'Multiplier' <Latency = 1> <II = 1> <Delay = 6.91> <FuncUnit> <Opcode : 'mul'> <InPorts = 2> <OutPorts = 1>

State 4 <SV = 3> <Delay = 6.91>
ST_4 : Operation 47 [1/2] (6.91ns)   --->   "%valOut_data_V = mul i32 %tmp_data_V, i32 %gain_read"   --->   Operation 47 'mul' 'valOut_data_V' <Predicate = true> <Delay = 6.91> <CoreInst = "Multiplier">   --->   Core 3 'Multiplier' <Latency = 1> <II = 1> <Delay = 6.91> <FuncUnit> <Opcode : 'mul'> <InPorts = 2> <OutPorts = 1>
ST_4 : Operation 48 [2/2] (0.00ns)   --->   "%write_ln304 = write void @_ssdm_op_Write.axis.volatile.i32P0A.i4P0A.i4P0A.i2P0A.i1P0A.i5P0A.i6P0A, i32 %outStream_V_data_V, i4 %outStream_V_keep_V, i4 %outStream_V_strb_V, i2 %outStream_V_user_V, i1 %outStream_V_last_V, i5 %outStream_V_id_V, i6 %outStream_V_dest_V, i32 %valOut_data_V, i4 %tmp_keep_V, i4 %tmp_strb_V, i2 %tmp_user_V, i1 %tmp_last_V, i5 %tmp_id_V, i6 %tmp_dest_V"   --->   Operation 48 'write' 'write_ln304' <Predicate = true> <Delay = 0.00> <CoreInst = "axis">   --->   Core 115 'axis' <Latency = 0> <II = 1> <Delay = 1.00> <Adapter> <Opcode : >

State 5 <SV = 4> <Delay = 0.00>
ST_5 : Operation 49 [1/1] (0.00ns)   --->   "%specpipeline_ln18 = specpipeline void @_ssdm_op_SpecPipeline, i32 4294967295, i32 0, i32 0, i32 0, void @empty_1" [main.cpp:18]   --->   Operation 49 'specpipeline' 'specpipeline_ln18' <Predicate = true> <Delay = 0.00>
ST_5 : Operation 50 [1/1] (0.00ns)   --->   "%specloopname_ln18 = specloopname void @_ssdm_op_SpecLoopName, void @empty_7" [main.cpp:18]   --->   Operation 50 'specloopname' 'specloopname_ln18' <Predicate = true> <Delay = 0.00>
ST_5 : Operation 51 [1/2] (0.00ns)   --->   "%write_ln304 = write void @_ssdm_op_Write.axis.volatile.i32P0A.i4P0A.i4P0A.i2P0A.i1P0A.i5P0A.i6P0A, i32 %outStream_V_data_V, i4 %outStream_V_keep_V, i4 %outStream_V_strb_V, i2 %outStream_V_user_V, i1 %outStream_V_last_V, i5 %outStream_V_id_V, i6 %outStream_V_dest_V, i32 %valOut_data_V, i4 %tmp_keep_V, i4 %tmp_strb_V, i2 %tmp_user_V, i1 %tmp_last_V, i5 %tmp_id_V, i6 %tmp_dest_V"   --->   Operation 51 'write' 'write_ln304' <Predicate = true> <Delay = 0.00> <CoreInst = "axis">   --->   Core 115 'axis' <Latency = 0> <II = 1> <Delay = 1.00> <Adapter> <Opcode : >
ST_5 : Operation 52 [1/1] (0.00ns)   --->   "%br_ln0 = br void"   --->   Operation 52 'br' 'br_ln0' <Predicate = true> <Delay = 0.00>

State 6 <SV = 2> <Delay = 0.00>
ST_6 : Operation 53 [1/1] (0.00ns)   --->   "%ret_ln39 = ret" [main.cpp:39]   --->   Operation 53 'ret' 'ret_ln39' <Predicate = true> <Delay = 0.00>


============================================================
+ Verbose Summary: Binding
============================================================
STG Binding: 
---------------- STG Properties BEGIN ----------------
- Is combinational: 0
- Is one-state seq: 0
- Is datapath-only: 0
- Is pipelined: 0
- Is top level: 1
Port [ Return ] is wired: 1; IO mode=ap_ctrl_hs:ce=0
Port [ inStream_V_data_V]:  wired=1; compound=1; hidden=0; nouse=0; global=0; static=0; extern=0; dir=0; type=0; pingpong=0; private_global=0; IO mode=axis:ce=0
Port [ inStream_V_keep_V]:  wired=1; compound=1; hidden=0; nouse=0; global=0; static=0; extern=0; dir=0; type=0; pingpong=0; private_global=0; IO mode=axis:ce=0
Port [ inStream_V_strb_V]:  wired=1; compound=1; hidden=0; nouse=0; global=0; static=0; extern=0; dir=0; type=0; pingpong=0; private_global=0; IO mode=axis:ce=0
Port [ inStream_V_user_V]:  wired=1; compound=1; hidden=0; nouse=0; global=0; static=0; extern=0; dir=0; type=0; pingpong=0; private_global=0; IO mode=axis:ce=0
Port [ inStream_V_last_V]:  wired=1; compound=1; hidden=0; nouse=0; global=0; static=0; extern=0; dir=0; type=0; pingpong=0; private_global=0; IO mode=axis:ce=0
Port [ inStream_V_id_V]:  wired=1; compound=1; hidden=0; nouse=0; global=0; static=0; extern=0; dir=0; type=0; pingpong=0; private_global=0; IO mode=axis:ce=0
Port [ inStream_V_dest_V]:  wired=1; compound=1; hidden=0; nouse=0; global=0; static=0; extern=0; dir=0; type=0; pingpong=0; private_global=0; IO mode=axis:ce=0
Port [ outStream_V_data_V]:  wired=1; compound=1; hidden=0; nouse=0; global=0; static=0; extern=0; dir=1; type=0; pingpong=0; private_global=0; IO mode=axis:ce=0
Port [ outStream_V_keep_V]:  wired=1; compound=1; hidden=0; nouse=0; global=0; static=0; extern=0; dir=1; type=0; pingpong=0; private_global=0; IO mode=axis:ce=0
Port [ outStream_V_strb_V]:  wired=1; compound=1; hidden=0; nouse=0; global=0; static=0; extern=0; dir=1; type=0; pingpong=0; private_global=0; IO mode=axis:ce=0
Port [ outStream_V_user_V]:  wired=1; compound=1; hidden=0; nouse=0; global=0; static=0; extern=0; dir=1; type=0; pingpong=0; private_global=0; IO mode=axis:ce=0
Port [ outStream_V_last_V]:  wired=1; compound=1; hidden=0; nouse=0; global=0; static=0; extern=0; dir=1; type=0; pingpong=0; private_global=0; IO mode=axis:ce=0
Port [ outStream_V_id_V]:  wired=1; compound=1; hidden=0; nouse=0; global=0; static=0; extern=0; dir=1; type=0; pingpong=0; private_global=0; IO mode=axis:ce=0
Port [ outStream_V_dest_V]:  wired=1; compound=1; hidden=0; nouse=0; global=0; static=0; extern=0; dir=1; type=0; pingpong=0; private_global=0; IO mode=axis:ce=0
Port [ gain]:  wired=1; compound=0; hidden=0; nouse=0; global=0; static=0; extern=0; dir=0; type=0; pingpong=0; private_global=0; IO mode=ap_none:ce=0
---------------- STG Properties END ------------------

---------------- Datapath Model BEGIN ----------------

<LifeTime>
<method=bitvector/>
idx               (alloca           ) [ 0111110]
spectopmodule_ln0 (spectopmodule    ) [ 0000000]
specinterface_ln0 (specinterface    ) [ 0000000]
specbitsmap_ln0   (specbitsmap      ) [ 0000000]
specbitsmap_ln0   (specbitsmap      ) [ 0000000]
specbitsmap_ln0   (specbitsmap      ) [ 0000000]
specbitsmap_ln0   (specbitsmap      ) [ 0000000]
specbitsmap_ln0   (specbitsmap      ) [ 0000000]
specbitsmap_ln0   (specbitsmap      ) [ 0000000]
specbitsmap_ln0   (specbitsmap      ) [ 0000000]
specinterface_ln0 (specinterface    ) [ 0000000]
specbitsmap_ln0   (specbitsmap      ) [ 0000000]
specbitsmap_ln0   (specbitsmap      ) [ 0000000]
specbitsmap_ln0   (specbitsmap      ) [ 0000000]
specbitsmap_ln0   (specbitsmap      ) [ 0000000]
specbitsmap_ln0   (specbitsmap      ) [ 0000000]
specbitsmap_ln0   (specbitsmap      ) [ 0000000]
specbitsmap_ln0   (specbitsmap      ) [ 0000000]
specbitsmap_ln0   (specbitsmap      ) [ 0000000]
specinterface_ln0 (specinterface    ) [ 0000000]
specinterface_ln0 (specinterface    ) [ 0000000]
specinterface_ln0 (specinterface    ) [ 0000000]
gain_read         (read             ) [ 0011110]
store_ln14        (store            ) [ 0000000]
br_ln14           (br               ) [ 0000000]
idx_1             (load             ) [ 0000000]
icmp_ln14         (icmp             ) [ 0011110]
empty             (speclooptripcount) [ 0000000]
idx_2             (add              ) [ 0000000]
br_ln14           (br               ) [ 0000000]
empty_11          (read             ) [ 0000000]
tmp_data_V        (extractvalue     ) [ 0011100]
tmp_keep_V        (extractvalue     ) [ 0011110]
tmp_strb_V        (extractvalue     ) [ 0011110]
tmp_user_V        (extractvalue     ) [ 0011110]
tmp_last_V        (extractvalue     ) [ 0011110]
tmp_id_V          (extractvalue     ) [ 0011110]
tmp_dest_V        (extractvalue     ) [ 0011110]
store_ln14        (store            ) [ 0000000]
valOut_data_V     (mul              ) [ 0010010]
specpipeline_ln18 (specpipeline     ) [ 0000000]
specloopname_ln18 (specloopname     ) [ 0000000]
write_ln304       (write            ) [ 0000000]
br_ln0            (br               ) [ 0000000]
ret_ln39          (ret              ) [ 0000000]
</LifeTime>

<model>

<comp_list>
<comp id="0" class="1000" name="inStream_V_data_V">
<pin_list>
<pin id="1" dir="1" index="0" bw="1" slack="0"/>
</pin_list>
<bind>
<StgValue><ssdm name="inStream_V_data_V"/></StgValue>
</bind>
</comp>

<comp id="2" class="1000" name="inStream_V_keep_V">
<pin_list>
<pin id="3" dir="1" index="0" bw="1" slack="0"/>
</pin_list>
<bind>
<StgValue><ssdm name="inStream_V_keep_V"/></StgValue>
</bind>
</comp>

<comp id="4" class="1000" name="inStream_V_strb_V">
<pin_list>
<pin id="5" dir="1" index="0" bw="1" slack="0"/>
</pin_list>
<bind>
<StgValue><ssdm name="inStream_V_strb_V"/></StgValue>
</bind>
</comp>

<comp id="6" class="1000" name="inStream_V_user_V">
<pin_list>
<pin id="7" dir="1" index="0" bw="1" slack="0"/>
</pin_list>
<bind>
<StgValue><ssdm name="inStream_V_user_V"/></StgValue>
</bind>
</comp>

<comp id="8" class="1000" name="inStream_V_last_V">
<pin_list>
<pin id="9" dir="1" index="0" bw="1" slack="0"/>
</pin_list>
<bind>
<StgValue><ssdm name="inStream_V_last_V"/></StgValue>
</bind>
</comp>

<comp id="10" class="1000" name="inStream_V_id_V">
<pin_list>
<pin id="11" dir="1" index="0" bw="1" slack="0"/>
</pin_list>
<bind>
<StgValue><ssdm name="inStream_V_id_V"/></StgValue>
</bind>
</comp>

<comp id="12" class="1000" name="inStream_V_dest_V">
<pin_list>
<pin id="13" dir="1" index="0" bw="1" slack="0"/>
</pin_list>
<bind>
<StgValue><ssdm name="inStream_V_dest_V"/></StgValue>
</bind>
</comp>

<comp id="14" class="1000" name="outStream_V_data_V">
<pin_list>
<pin id="15" dir="1" index="0" bw="1" slack="0"/>
</pin_list>
<bind>
<StgValue><ssdm name="outStream_V_data_V"/></StgValue>
</bind>
</comp>

<comp id="16" class="1000" name="outStream_V_keep_V">
<pin_list>
<pin id="17" dir="1" index="0" bw="1" slack="0"/>
</pin_list>
<bind>
<StgValue><ssdm name="outStream_V_keep_V"/></StgValue>
</bind>
</comp>

<comp id="18" class="1000" name="outStream_V_strb_V">
<pin_list>
<pin id="19" dir="1" index="0" bw="1" slack="0"/>
</pin_list>
<bind>
<StgValue><ssdm name="outStream_V_strb_V"/></StgValue>
</bind>
</comp>

<comp id="20" class="1000" name="outStream_V_user_V">
<pin_list>
<pin id="21" dir="1" index="0" bw="1" slack="0"/>
</pin_list>
<bind>
<StgValue><ssdm name="outStream_V_user_V"/></StgValue>
</bind>
</comp>

<comp id="22" class="1000" name="outStream_V_last_V">
<pin_list>
<pin id="23" dir="1" index="0" bw="1" slack="0"/>
</pin_list>
<bind>
<StgValue><ssdm name="outStream_V_last_V"/></StgValue>
</bind>
</comp>

<comp id="24" class="1000" name="outStream_V_id_V">
<pin_list>
<pin id="25" dir="1" index="0" bw="1" slack="0"/>
</pin_list>
<bind>
<StgValue><ssdm name="outStream_V_id_V"/></StgValue>
</bind>
</comp>

<comp id="26" class="1000" name="outStream_V_dest_V">
<pin_list>
<pin id="27" dir="1" index="0" bw="1" slack="0"/>
</pin_list>
<bind>
<StgValue><ssdm name="outStream_V_dest_V"/></StgValue>
</bind>
</comp>

<comp id="28" class="1000" name="gain">
<pin_list>
<pin id="29" dir="1" index="0" bw="1" slack="0"/>
</pin_list>
<bind>
<StgValue><ssdm name="gain"/></StgValue>
</bind>
</comp>

<comp id="30" class="1001" name="const_30">
<pin_list>
<pin id="31" dir="1" index="0" bw="1" slack="0"/>
</pin_list>
<bind>
<StgValue><ssdm name=""/></StgValue>
</bind>
</comp>

<comp id="32" class="1001" name="const_32">
<pin_list>
<pin id="33" dir="1" index="0" bw="1" slack="2147483647"/>
</pin_list>
<bind>
<StgValue><ssdm name="_ssdm_op_SpecTopModule"/></StgValue>
</bind>
</comp>

<comp id="34" class="1001" name="const_34">
<pin_list>
<pin id="35" dir="1" index="0" bw="1" slack="2147483647"/>
</pin_list>
<bind>
<StgValue><ssdm name="empty_6"/></StgValue>
</bind>
</comp>

<comp id="36" class="1001" name="const_36">
<pin_list>
<pin id="37" dir="1" index="0" bw="1" slack="2147483647"/>
</pin_list>
<bind>
<StgValue><ssdm name="_ssdm_op_SpecInterface"/></StgValue>
</bind>
</comp>

<comp id="38" class="1001" name="const_38">
<pin_list>
<pin id="39" dir="1" index="0" bw="1" slack="2147483647"/>
</pin_list>
<bind>
<StgValue><ssdm name="empty"/></StgValue>
</bind>
</comp>

<comp id="40" class="1001" name="const_40">
<pin_list>
<pin id="41" dir="1" index="0" bw="1" slack="2147483647"/>
</pin_list>
<bind>
<StgValue><ssdm name="empty_0"/></StgValue>
</bind>
</comp>

<comp id="42" class="1001" name="const_42">
<pin_list>
<pin id="43" dir="1" index="0" bw="1" slack="2147483647"/>
</pin_list>
<bind>
<StgValue><ssdm name=""/></StgValue>
</bind>
</comp>

<comp id="44" class="1001" name="const_44">
<pin_list>
<pin id="45" dir="1" index="0" bw="1" slack="2147483647"/>
</pin_list>
<bind>
<StgValue><ssdm name="empty_1"/></StgValue>
</bind>
</comp>

<comp id="46" class="1001" name="const_46">
<pin_list>
<pin id="47" dir="1" index="0" bw="1" slack="2147483647"/>
</pin_list>
<bind>
<StgValue><ssdm name="_ssdm_op_SpecBitsMap"/></StgValue>
</bind>
</comp>

<comp id="48" class="1001" name="const_48">
<pin_list>
<pin id="49" dir="1" index="0" bw="1" slack="2147483647"/>
</pin_list>
<bind>
<StgValue><ssdm name="empty_2"/></StgValue>
</bind>
</comp>

<comp id="50" class="1001" name="const_50">
<pin_list>
<pin id="51" dir="1" index="0" bw="1" slack="2147483647"/>
</pin_list>
<bind>
<StgValue><ssdm name="empty_3"/></StgValue>
</bind>
</comp>

<comp id="52" class="1001" name="const_52">
<pin_list>
<pin id="53" dir="1" index="0" bw="1" slack="2147483647"/>
</pin_list>
<bind>
<StgValue><ssdm name="empty_4"/></StgValue>
</bind>
</comp>

<comp id="54" class="1001" name="const_54">
<pin_list>
<pin id="55" dir="1" index="0" bw="1" slack="2147483647"/>
</pin_list>
<bind>
<StgValue><ssdm name="empty_5"/></StgValue>
</bind>
</comp>

<comp id="56" class="1001" name="const_56">
<pin_list>
<pin id="57" dir="1" index="0" bw="1" slack="0"/>
</pin_list>
<bind>
<StgValue><ssdm name="_ssdm_op_Read.s_axilite.i32"/></StgValue>
</bind>
</comp>

<comp id="58" class="1001" name="const_58">
<pin_list>
<pin id="59" dir="1" index="0" bw="1" slack="0"/>
</pin_list>
<bind>
<StgValue><ssdm name=""/></StgValue>
</bind>
</comp>

<comp id="60" class="1001" name="const_60">
<pin_list>
<pin id="61" dir="1" index="0" bw="1" slack="0"/>
</pin_list>
<bind>
<StgValue><ssdm name=""/></StgValue>
</bind>
</comp>

<comp id="62" class="1001" name="const_62">
<pin_list>
<pin id="63" dir="1" index="0" bw="1" slack="2147483647"/>
</pin_list>
<bind>
<StgValue><ssdm name="_ssdm_op_SpecLoopTripCount"/></StgValue>
</bind>
</comp>

<comp id="64" class="1001" name="const_64">
<pin_list>
<pin id="65" dir="1" index="0" bw="1" slack="2147483647"/>
</pin_list>
<bind>
<StgValue><ssdm name=""/></StgValue>
</bind>
</comp>

<comp id="66" class="1001" name="const_66">
<pin_list>
<pin id="67" dir="1" index="0" bw="1" slack="0"/>
</pin_list>
<bind>
<StgValue><ssdm name=""/></StgValue>
</bind>
</comp>

<comp id="68" class="1001" name="const_68">
<pin_list>
<pin id="69" dir="1" index="0" bw="1" slack="0"/>
</pin_list>
<bind>
<StgValue><ssdm name="_ssdm_op_Read.axis.volatile.i32P0A.i4P0A.i4P0A.i2P0A.i1P0A.i5P0A.i6P0A"/></StgValue>
</bind>
</comp>

<comp id="70" class="1001" name="const_70">
<pin_list>
<pin id="71" dir="1" index="0" bw="1" slack="0"/>
</pin_list>
<bind>
<StgValue><ssdm name="_ssdm_op_Write.axis.volatile.i32P0A.i4P0A.i4P0A.i2P0A.i1P0A.i5P0A.i6P0A"/></StgValue>
</bind>
</comp>

<comp id="72" class="1001" name="const_72">
<pin_list>
<pin id="73" dir="1" index="0" bw="1" slack="2147483647"/>
</pin_list>
<bind>
<StgValue><ssdm name="_ssdm_op_SpecPipeline"/></StgValue>
</bind>
</comp>

<comp id="74" class="1001" name="const_74">
<pin_list>
<pin id="75" dir="1" index="0" bw="1" slack="2147483647"/>
</pin_list>
<bind>
<StgValue><ssdm name=""/></StgValue>
</bind>
</comp>

<comp id="76" class="1001" name="const_76">
<pin_list>
<pin id="77" dir="1" index="0" bw="1" slack="2147483647"/>
</pin_list>
<bind>
<StgValue><ssdm name="_ssdm_op_SpecLoopName"/></StgValue>
</bind>
</comp>

<comp id="78" class="1001" name="const_78">
<pin_list>
<pin id="79" dir="1" index="0" bw="1" slack="2147483647"/>
</pin_list>
<bind>
<StgValue><ssdm name="empty_7"/></StgValue>
</bind>
</comp>

<comp id="80" class="1004" name="idx_fu_80">
<pin_list>
<pin id="81" dir="0" index="0" bw="1" slack="0"/>
<pin id="82" dir="1" index="1" bw="10" slack="0"/>
</pin_list>
<bind>
<opcode="alloca(26) " fcode="alloca"/>
<opset="idx/1 "/>
</bind>
</comp>

<comp id="84" class="1004" name="gain_read_read_fu_84">
<pin_list>
<pin id="85" dir="0" index="0" bw="32" slack="0"/>
<pin id="86" dir="0" index="1" bw="32" slack="0"/>
<pin id="87" dir="1" index="2" bw="32" slack="2"/>
</pin_list>
<bind>
<opcode="read(1150) " fcode="read"/>
<opset="gain_read/1 "/>
</bind>
</comp>

<comp id="90" class="1004" name="empty_11_read_fu_90">
<pin_list>
<pin id="91" dir="0" index="0" bw="54" slack="0"/>
<pin id="92" dir="0" index="1" bw="32" slack="0"/>
<pin id="93" dir="0" index="2" bw="4" slack="0"/>
<pin id="94" dir="0" index="3" bw="4" slack="0"/>
<pin id="95" dir="0" index="4" bw="2" slack="0"/>
<pin id="96" dir="0" index="5" bw="1" slack="0"/>
<pin id="97" dir="0" index="6" bw="5" slack="0"/>
<pin id="98" dir="0" index="7" bw="6" slack="0"/>
<pin id="99" dir="1" index="8" bw="54" slack="0"/>
</pin_list>
<bind>
<opcode="read(1150) " fcode="read"/>
<opset="empty_11/2 "/>
</bind>
</comp>

<comp id="108" class="1004" name="grp_write_fu_108">
<pin_list>
<pin id="109" dir="0" index="0" bw="0" slack="0"/>
<pin id="110" dir="0" index="1" bw="32" slack="0"/>
<pin id="111" dir="0" index="2" bw="4" slack="0"/>
<pin id="112" dir="0" index="3" bw="4" slack="0"/>
<pin id="113" dir="0" index="4" bw="2" slack="0"/>
<pin id="114" dir="0" index="5" bw="1" slack="0"/>
<pin id="115" dir="0" index="6" bw="5" slack="0"/>
<pin id="116" dir="0" index="7" bw="6" slack="0"/>
<pin id="117" dir="0" index="8" bw="32" slack="0"/>
<pin id="118" dir="0" index="9" bw="4" slack="2"/>
<pin id="119" dir="0" index="10" bw="4" slack="2"/>
<pin id="120" dir="0" index="11" bw="2" slack="2"/>
<pin id="121" dir="0" index="12" bw="1" slack="2"/>
<pin id="122" dir="0" index="13" bw="5" slack="2"/>
<pin id="123" dir="0" index="14" bw="6" slack="2"/>
<pin id="124" dir="1" index="15" bw="0" slack="2147483647"/>
</pin_list>
<bind>
<opcode="write(1151) " fcode="write"/>
<opset="write_ln304/4 "/>
</bind>
</comp>

<comp id="133" class="1004" name="store_ln14_store_fu_133">
<pin_list>
<pin id="134" dir="0" index="0" bw="1" slack="0"/>
<pin id="135" dir="0" index="1" bw="10" slack="0"/>
<pin id="136" dir="1" index="2" bw="0" slack="2147483647"/>
</pin_list>
<bind>
<opcode="store(28) " fcode="store"/>
<opset="store_ln14/1 "/>
</bind>
</comp>

<comp id="138" class="1004" name="idx_1_load_fu_138">
<pin_list>
<pin id="139" dir="0" index="0" bw="10" slack="1"/>
<pin id="140" dir="1" index="1" bw="10" slack="0"/>
</pin_list>
<bind>
<opcode="load(27) " fcode="load"/>
<opset="idx_1/2 "/>
</bind>
</comp>

<comp id="141" class="1004" name="icmp_ln14_fu_141">
<pin_list>
<pin id="142" dir="0" index="0" bw="10" slack="0"/>
<pin id="143" dir="0" index="1" bw="6" slack="0"/>
<pin id="144" dir="1" index="2" bw="1" slack="2147483647"/>
</pin_list>
<bind>
<opcode="icmp(45) " fcode="icmp"/>
<opset="icmp_ln14/2 "/>
</bind>
</comp>

<comp id="147" class="1004" name="idx_2_fu_147">
<pin_list>
<pin id="148" dir="0" index="0" bw="10" slack="0"/>
<pin id="149" dir="0" index="1" bw="1" slack="0"/>
<pin id="150" dir="1" index="2" bw="10" slack="0"/>
</pin_list>
<bind>
<opcode="add(8) " fcode="add"/>
<opset="idx_2/2 "/>
</bind>
</comp>

<comp id="153" class="1004" name="tmp_data_V_fu_153">
<pin_list>
<pin id="154" dir="0" index="0" bw="54" slack="0"/>
<pin id="155" dir="1" index="1" bw="32" slack="1"/>
</pin_list>
<bind>
<opcode="extractvalue(56) " fcode="extractvalue"/>
<opset="tmp_data_V/2 "/>
</bind>
</comp>

<comp id="157" class="1004" name="tmp_keep_V_fu_157">
<pin_list>
<pin id="158" dir="0" index="0" bw="54" slack="0"/>
<pin id="159" dir="1" index="1" bw="4" slack="2"/>
</pin_list>
<bind>
<opcode="extractvalue(56) " fcode="extractvalue"/>
<opset="tmp_keep_V/2 "/>
</bind>
</comp>

<comp id="161" class="1004" name="tmp_strb_V_fu_161">
<pin_list>
<pin id="162" dir="0" index="0" bw="54" slack="0"/>
<pin id="163" dir="1" index="1" bw="4" slack="2"/>
</pin_list>
<bind>
<opcode="extractvalue(56) " fcode="extractvalue"/>
<opset="tmp_strb_V/2 "/>
</bind>
</comp>

<comp id="165" class="1004" name="tmp_user_V_fu_165">
<pin_list>
<pin id="166" dir="0" index="0" bw="54" slack="0"/>
<pin id="167" dir="1" index="1" bw="2" slack="2"/>
</pin_list>
<bind>
<opcode="extractvalue(56) " fcode="extractvalue"/>
<opset="tmp_user_V/2 "/>
</bind>
</comp>

<comp id="169" class="1004" name="tmp_last_V_fu_169">
<pin_list>
<pin id="170" dir="0" index="0" bw="54" slack="0"/>
<pin id="171" dir="1" index="1" bw="1" slack="2"/>
</pin_list>
<bind>
<opcode="extractvalue(56) " fcode="extractvalue"/>
<opset="tmp_last_V/2 "/>
</bind>
</comp>

<comp id="173" class="1004" name="tmp_id_V_fu_173">
<pin_list>
<pin id="174" dir="0" index="0" bw="54" slack="0"/>
<pin id="175" dir="1" index="1" bw="5" slack="2"/>
</pin_list>
<bind>
<opcode="extractvalue(56) " fcode="extractvalue"/>
<opset="tmp_id_V/2 "/>
</bind>
</comp>

<comp id="177" class="1004" name="tmp_dest_V_fu_177">
<pin_list>
<pin id="178" dir="0" index="0" bw="54" slack="0"/>
<pin id="179" dir="1" index="1" bw="6" slack="2"/>
</pin_list>
<bind>
<opcode="extractvalue(56) " fcode="extractvalue"/>
<opset="tmp_dest_V/2 "/>
</bind>
</comp>

<comp id="181" class="1004" name="store_ln14_store_fu_181">
<pin_list>
<pin id="182" dir="0" index="0" bw="10" slack="0"/>
<pin id="183" dir="0" index="1" bw="10" slack="1"/>
<pin id="184" dir="1" index="2" bw="0" slack="2147483647"/>
</pin_list>
<bind>
<opcode="store(28) " fcode="store"/>
<opset="store_ln14/2 "/>
</bind>
</comp>

<comp id="186" class="1004" name="grp_fu_186">
<pin_list>
<pin id="187" dir="0" index="0" bw="32" slack="1"/>
<pin id="188" dir="0" index="1" bw="32" slack="2"/>
<pin id="189" dir="1" index="2" bw="32" slack="0"/>
</pin_list>
<bind>
<opcode="mul(12) " fcode="mul"/>
<opset="valOut_data_V/3 "/>
</bind>
</comp>

<comp id="191" class="1005" name="idx_reg_191">
<pin_list>
<pin id="192" dir="0" index="0" bw="10" slack="0"/>
<pin id="193" dir="1" index="1" bw="10" slack="0"/>
</pin_list>
<bind>
<opset="idx "/>
</bind>
</comp>

<comp id="198" class="1005" name="gain_read_reg_198">
<pin_list>
<pin id="199" dir="0" index="0" bw="32" slack="2"/>
<pin id="200" dir="1" index="1" bw="32" slack="2"/>
</pin_list>
<bind>
<opset="gain_read "/>
</bind>
</comp>

<comp id="206" class="1005" name="tmp_data_V_reg_206">
<pin_list>
<pin id="207" dir="0" index="0" bw="32" slack="1"/>
<pin id="208" dir="1" index="1" bw="32" slack="1"/>
</pin_list>
<bind>
<opset="tmp_data_V "/>
</bind>
</comp>

<comp id="211" class="1005" name="tmp_keep_V_reg_211">
<pin_list>
<pin id="212" dir="0" index="0" bw="4" slack="2"/>
<pin id="213" dir="1" index="1" bw="4" slack="2"/>
</pin_list>
<bind>
<opset="tmp_keep_V "/>
</bind>
</comp>

<comp id="216" class="1005" name="tmp_strb_V_reg_216">
<pin_list>
<pin id="217" dir="0" index="0" bw="4" slack="2"/>
<pin id="218" dir="1" index="1" bw="4" slack="2"/>
</pin_list>
<bind>
<opset="tmp_strb_V "/>
</bind>
</comp>

<comp id="221" class="1005" name="tmp_user_V_reg_221">
<pin_list>
<pin id="222" dir="0" index="0" bw="2" slack="2"/>
<pin id="223" dir="1" index="1" bw="2" slack="2"/>
</pin_list>
<bind>
<opset="tmp_user_V "/>
</bind>
</comp>

<comp id="226" class="1005" name="tmp_last_V_reg_226">
<pin_list>
<pin id="227" dir="0" index="0" bw="1" slack="2"/>
<pin id="228" dir="1" index="1" bw="1" slack="2"/>
</pin_list>
<bind>
<opset="tmp_last_V "/>
</bind>
</comp>

<comp id="231" class="1005" name="tmp_id_V_reg_231">
<pin_list>
<pin id="232" dir="0" index="0" bw="5" slack="2"/>
<pin id="233" dir="1" index="1" bw="5" slack="2"/>
</pin_list>
<bind>
<opset="tmp_id_V "/>
</bind>
</comp>

<comp id="236" class="1005" name="tmp_dest_V_reg_236">
<pin_list>
<pin id="237" dir="0" index="0" bw="6" slack="2"/>
<pin id="238" dir="1" index="1" bw="6" slack="2"/>
</pin_list>
<bind>
<opset="tmp_dest_V "/>
</bind>
</comp>

<comp id="241" class="1005" name="valOut_data_V_reg_241">
<pin_list>
<pin id="242" dir="0" index="0" bw="32" slack="1"/>
<pin id="243" dir="1" index="1" bw="32" slack="1"/>
</pin_list>
<bind>
<opset="valOut_data_V "/>
</bind>
</comp>

</comp_list>

<net_list>
<net id="83"><net_src comp="30" pin="0"/><net_sink comp="80" pin=0"/></net>

<net id="88"><net_src comp="56" pin="0"/><net_sink comp="84" pin=0"/></net>

<net id="89"><net_src comp="28" pin="0"/><net_sink comp="84" pin=1"/></net>

<net id="100"><net_src comp="68" pin="0"/><net_sink comp="90" pin=0"/></net>

<net id="101"><net_src comp="0" pin="0"/><net_sink comp="90" pin=1"/></net>

<net id="102"><net_src comp="2" pin="0"/><net_sink comp="90" pin=2"/></net>

<net id="103"><net_src comp="4" pin="0"/><net_sink comp="90" pin=3"/></net>

<net id="104"><net_src comp="6" pin="0"/><net_sink comp="90" pin=4"/></net>

<net id="105"><net_src comp="8" pin="0"/><net_sink comp="90" pin=5"/></net>

<net id="106"><net_src comp="10" pin="0"/><net_sink comp="90" pin=6"/></net>

<net id="107"><net_src comp="12" pin="0"/><net_sink comp="90" pin=7"/></net>

<net id="125"><net_src comp="70" pin="0"/><net_sink comp="108" pin=0"/></net>

<net id="126"><net_src comp="14" pin="0"/><net_sink comp="108" pin=1"/></net>

<net id="127"><net_src comp="16" pin="0"/><net_sink comp="108" pin=2"/></net>

<net id="128"><net_src comp="18" pin="0"/><net_sink comp="108" pin=3"/></net>

<net id="129"><net_src comp="20" pin="0"/><net_sink comp="108" pin=4"/></net>

<net id="130"><net_src comp="22" pin="0"/><net_sink comp="108" pin=5"/></net>

<net id="131"><net_src comp="24" pin="0"/><net_sink comp="108" pin=6"/></net>

<net id="132"><net_src comp="26" pin="0"/><net_sink comp="108" pin=7"/></net>

<net id="137"><net_src comp="58" pin="0"/><net_sink comp="133" pin=0"/></net>

<net id="145"><net_src comp="138" pin="1"/><net_sink comp="141" pin=0"/></net>

<net id="146"><net_src comp="60" pin="0"/><net_sink comp="141" pin=1"/></net>

<net id="151"><net_src comp="138" pin="1"/><net_sink comp="147" pin=0"/></net>

<net id="152"><net_src comp="66" pin="0"/><net_sink comp="147" pin=1"/></net>

<net id="156"><net_src comp="90" pin="8"/><net_sink comp="153" pin=0"/></net>

<net id="160"><net_src comp="90" pin="8"/><net_sink comp="157" pin=0"/></net>

<net id="164"><net_src comp="90" pin="8"/><net_sink comp="161" pin=0"/></net>

<net id="168"><net_src comp="90" pin="8"/><net_sink comp="165" pin=0"/></net>

<net id="172"><net_src comp="90" pin="8"/><net_sink comp="169" pin=0"/></net>

<net id="176"><net_src comp="90" pin="8"/><net_sink comp="173" pin=0"/></net>

<net id="180"><net_src comp="90" pin="8"/><net_sink comp="177" pin=0"/></net>

<net id="185"><net_src comp="147" pin="2"/><net_sink comp="181" pin=0"/></net>

<net id="190"><net_src comp="186" pin="2"/><net_sink comp="108" pin=8"/></net>

<net id="194"><net_src comp="80" pin="1"/><net_sink comp="191" pin=0"/></net>

<net id="195"><net_src comp="191" pin="1"/><net_sink comp="133" pin=1"/></net>

<net id="196"><net_src comp="191" pin="1"/><net_sink comp="138" pin=0"/></net>

<net id="197"><net_src comp="191" pin="1"/><net_sink comp="181" pin=1"/></net>

<net id="201"><net_src comp="84" pin="2"/><net_sink comp="198" pin=0"/></net>

<net id="202"><net_src comp="198" pin="1"/><net_sink comp="186" pin=1"/></net>

<net id="209"><net_src comp="153" pin="1"/><net_sink comp="206" pin=0"/></net>

<net id="210"><net_src comp="206" pin="1"/><net_sink comp="186" pin=0"/></net>

<net id="214"><net_src comp="157" pin="1"/><net_sink comp="211" pin=0"/></net>

<net id="215"><net_src comp="211" pin="1"/><net_sink comp="108" pin=9"/></net>

<net id="219"><net_src comp="161" pin="1"/><net_sink comp="216" pin=0"/></net>

<net id="220"><net_src comp="216" pin="1"/><net_sink comp="108" pin=10"/></net>

<net id="224"><net_src comp="165" pin="1"/><net_sink comp="221" pin=0"/></net>

<net id="225"><net_src comp="221" pin="1"/><net_sink comp="108" pin=11"/></net>

<net id="229"><net_src comp="169" pin="1"/><net_sink comp="226" pin=0"/></net>

<net id="230"><net_src comp="226" pin="1"/><net_sink comp="108" pin=12"/></net>

<net id="234"><net_src comp="173" pin="1"/><net_sink comp="231" pin=0"/></net>

<net id="235"><net_src comp="231" pin="1"/><net_sink comp="108" pin=13"/></net>

<net id="239"><net_src comp="177" pin="1"/><net_sink comp="236" pin=0"/></net>

<net id="240"><net_src comp="236" pin="1"/><net_sink comp="108" pin=14"/></net>

<net id="244"><net_src comp="186" pin="2"/><net_sink comp="241" pin=0"/></net>

<net id="245"><net_src comp="241" pin="1"/><net_sink comp="108" pin=8"/></net>

</net_list>

</model> 
---------------- Datapath Model END ------------------

* FSMD analyzer results:
  - Output states:
	Port: outStream_V_data_V | {5 }
	Port: outStream_V_keep_V | {5 }
	Port: outStream_V_strb_V | {5 }
	Port: outStream_V_user_V | {5 }
	Port: outStream_V_last_V | {5 }
	Port: outStream_V_id_V | {5 }
	Port: outStream_V_dest_V | {5 }
 - Input state : 
	Port: doGain : inStream_V_data_V | {2 }
	Port: doGain : inStream_V_keep_V | {2 }
	Port: doGain : inStream_V_strb_V | {2 }
	Port: doGain : inStream_V_user_V | {2 }
	Port: doGain : inStream_V_last_V | {2 }
	Port: doGain : inStream_V_id_V | {2 }
	Port: doGain : inStream_V_dest_V | {2 }
	Port: doGain : gain | {1 }
  - Chain level:
	State 1
		store_ln14 : 1
	State 2
		icmp_ln14 : 1
		idx_2 : 1
		br_ln14 : 2
		store_ln14 : 2
	State 3
	State 4
		write_ln304 : 1
	State 5
	State 6


============================================================
+ Verbose Summary: Datapath Resource usage 
============================================================

* Functional unit list:
|----------|----------------------|---------|---------|---------|
| Operation|    Functional Unit   |   DSP   |    FF   |   LUT   |
|----------|----------------------|---------|---------|---------|
|    mul   |      grp_fu_186      |    3    |   165   |    50   |
|----------|----------------------|---------|---------|---------|
|    add   |     idx_2_fu_147     |    0    |    0    |    13   |
|----------|----------------------|---------|---------|---------|
|   icmp   |   icmp_ln14_fu_141   |    0    |    0    |    11   |
|----------|----------------------|---------|---------|---------|
|   read   | gain_read_read_fu_84 |    0    |    0    |    0    |
|          |  empty_11_read_fu_90 |    0    |    0    |    0    |
|----------|----------------------|---------|---------|---------|
|   write  |   grp_write_fu_108   |    0    |    0    |    0    |
|----------|----------------------|---------|---------|---------|
|          |   tmp_data_V_fu_153  |    0    |    0    |    0    |
|          |   tmp_keep_V_fu_157  |    0    |    0    |    0    |
|          |   tmp_strb_V_fu_161  |    0    |    0    |    0    |
|extractvalue|   tmp_user_V_fu_165  |    0    |    0    |    0    |
|          |   tmp_last_V_fu_169  |    0    |    0    |    0    |
|          |    tmp_id_V_fu_173   |    0    |    0    |    0    |
|          |   tmp_dest_V_fu_177  |    0    |    0    |    0    |
|----------|----------------------|---------|---------|---------|
|   Total  |                      |    3    |   165   |    74   |
|----------|----------------------|---------|---------|---------|

Memories:
N/A

* Register list:
+---------------------+--------+
|                     |   FF   |
+---------------------+--------+
|  gain_read_reg_198  |   32   |
|     idx_reg_191     |   10   |
|  tmp_data_V_reg_206 |   32   |
|  tmp_dest_V_reg_236 |    6   |
|   tmp_id_V_reg_231  |    5   |
|  tmp_keep_V_reg_211 |    4   |
|  tmp_last_V_reg_226 |    1   |
|  tmp_strb_V_reg_216 |    4   |
|  tmp_user_V_reg_221 |    2   |
|valOut_data_V_reg_241|   32   |
+---------------------+--------+
|        Total        |   128  |
+---------------------+--------+

* Multiplexer (MUX) list: 
|------------------|------|------|------|--------||---------||---------|
|       Comp       |  Pin | Size |  BW  | S x BW ||  Delay  ||   LUT   |
|------------------|------|------|------|--------||---------||---------|
| grp_write_fu_108 |  p8  |   2  |  32  |   64   ||    9    |
|------------------|------|------|------|--------||---------||---------|
|       Total      |      |      |      |   64   ||  1.588  ||    9    |
|------------------|------|------|------|--------||---------||---------|



* Summary:
+-----------+--------+--------+--------+--------+
|           |   DSP  |  Delay |   FF   |   LUT  |
+-----------+--------+--------+--------+--------+
|  Function |    3   |    -   |   165  |   74   |
|   Memory  |    -   |    -   |    -   |    -   |
|Multiplexer|    -   |    1   |    -   |    9   |
|  Register |    -   |    -   |   128  |    -   |
+-----------+--------+--------+--------+--------+
|   Total   |    3   |    1   |   293  |   83   |
+-----------+--------+--------+--------+--------+
